0 info it worked if it ends with ok
1 verbose cli [ 'C:\\Program Files\\nodejs\\node.exe',
1 verbose cli   'C:\\Program Files\\nodejs\\node_modules\\npm\\bin\\npm-cli.js',
1 verbose cli   'start' ]
2 info using npm@3.10.8
3 info using node@v6.8.1
4 verbose run-script [ 'prestart', 'start', 'poststart' ]
5 info lifecycle spa-generator@1.0.0~prestart: spa-generator@1.0.0
6 silly lifecycle spa-generator@1.0.0~prestart: no script for prestart, continuing
7 info lifecycle spa-generator@1.0.0~start: spa-generator@1.0.0
8 verbose lifecycle spa-generator@1.0.0~start: unsafe-perm in lifecycle true
9 verbose lifecycle spa-generator@1.0.0~start: PATH: C:\Program Files\nodejs\node_modules\npm\bin\node-gyp-bin;E:\web\sublime\SPA-Gennerator\node_modules\.bin;C:\Program Files\ConEmu\ConEmu\Scripts;C:\Program Files\ConEmu;C:\Program Files\ConEmu\ConEmu;D:\Python27\;D:\Python27\Scripts;C:\Windows\system32;C:\Windows;C:\Windows\System32\Wbem;C:\Windows\System32\WindowsPowerShell\v1.0\;C:\Program Files (x86)\NVIDIA Corporation\PhysX\Common;D:\Program Files (x86)\Microsoft SQL Server\110\DTS\Binn\;D:\Program Files (x86)\Microsoft SQL Server\110\Tools\Binn\;D:\Program Files (x86)\Microsoft SQL Server\110\Tools\Binn\ManagementStudio\;C:\Program Files (x86)\Microsoft Visual Studio 10.0\Common7\IDE\PrivateAssemblies\;;C:\Program Files\nodejs\;C:\Program Files\nodejs\node_global;D:\Program Files (x86)\Git\bin;D:\Program Files\MongoDB\Server\3.2\bin;d:\Ruby23-x64\bin;D:\Program Files\Java\jdk1.8.0_73\bin;D:\Program Files\Java\jdk1.8.0_73\jre\bin;;C:\Users\HMJ\AppData\Roaming\npm
10 verbose lifecycle spa-generator@1.0.0~start: CWD: E:\web\sublime\SPA-Gennerator
11 silly lifecycle spa-generator@1.0.0~start: Args: [ '/d /s /c',
11 silly lifecycle   'webpack-dev-server --hot --inline --devtool eval --progress --colors --profile' ]
12 silly lifecycle spa-generator@1.0.0~start: Returned: code: 3221225786  signal: null
13 info lifecycle spa-generator@1.0.0~start: Failed to exec start script
14 verbose stack Error: spa-generator@1.0.0 start: `webpack-dev-server --hot --inline --devtool eval --progress --colors --profile`
14 verbose stack Exit status 3221225786
14 verbose stack     at EventEmitter.<anonymous> (C:\Program Files\nodejs\node_modules\npm\lib\utils\lifecycle.js:255:16)
14 verbose stack     at emitTwo (events.js:106:13)
14 verbose stack     at EventEmitter.emit (events.js:191:7)
14 verbose stack     at ChildProcess.<anonymous> (C:\Program Files\nodejs\node_modules\npm\lib\utils\spawn.js:40:14)
14 verbose stack     at emitTwo (events.js:106:13)
14 verbose stack     at ChildProcess.emit (events.js:191:7)
14 verbose stack     at maybeClose (internal/child_process.js:877:16)
14 verbose stack     at Process.ChildProcess._handle.onexit (internal/child_process.js:226:5)
15 verbose pkgid spa-generator@1.0.0
16 verbose cwd E:\web\sublime\SPA-Gennerator
17 error Windows_NT 6.1.7601
18 error argv "C:\\Program Files\\nodejs\\node.exe" "C:\\Program Files\\nodejs\\node_modules\\npm\\bin\\npm-cli.js" "start"
19 error node v6.8.1
20 error npm  v3.10.8
21 error code ELIFECYCLE
22 error spa-generator@1.0.0 start: `webpack-dev-server --hot --inline --devtool eval --progress --colors --profile`
22 error Exit status 3221225786
23 error Failed at the spa-generator@1.0.0 start script 'webpack-dev-server --hot --inline --devtool eval --progress --colors --profile'.
23 error Make sure you have the latest version of node.js and npm installed.
23 error If you do, this is most likely a problem with the spa-generator package,
23 error not with npm itself.
23 error Tell the author that this fails on your system:
23 error     webpack-dev-server --hot --inline --devtool eval --progress --colors --profile
23 error You can get information on how to open an issue for this project with:
23 error     npm bugs spa-generator
23 error Or if that isn't available, you can get their info via:
23 error     npm owner ls spa-generator
23 error There is likely additional logging output above.
24 verbose exit [ 1, true ]
